2023-02-15 10:30:26,742 INFO  [org.keycloak.quarkus.runtime.hostname.DefaultHostnameProvider] (main) Hostname settings: Base URL: <unset>, Hostname: auth.localdomain, Strict HTTPS: false, Path: <request>, Strict BackChannel: false, Admin URL: <unset>, Admin: <request>, Port: -1, Proxied: true
2023-02-15 10:30:42,364 WARN  [io.quarkus.agroal.runtime.DataSources] (main) Datasource <default> enables XA but transaction recovery is not enabled. Please enable transaction recovery by setting quarkus.transaction-manager.enable-recovery=true, otherwise data may be lost if the application is terminated abruptly
2023-02-15 10:30:56,458 WARN  [org.infinispan.CONFIG] (keycloak-cache-init) ISPN000569: Unable to persist Infinispan internal caches as no global state enabled
2023-02-15 10:30:56,695 WARN  [org.infinispan.PERSISTENCE] (keycloak-cache-init) ISPN000554: jboss-marshalling is deprecated and planned for removal
2023-02-15 10:30:57,063 INFO  [org.infinispan.CONTAINER] (keycloak-cache-init) ISPN000556: Starting user marshaller 'org.infinispan.jboss.marshalling.core.JBossUserMarshaller'
2023-02-15 10:30:59,636 INFO  [org.infinispan.CONTAINER] (keycloak-cache-init) ISPN000128: Infinispan version: Infinispan 'Triskaidekaphobia' 13.0.10.Final
2023-02-15 10:31:04,030 INFO  [org.keycloak.connections.infinispan.DefaultInfinispanConnectionProviderFactory] (main) Node name: node_772314, Site name: null
2023-02-15 10:31:04,223 INFO  [org.keycloak.broker.provider.AbstractIdentityProviderMapper] (main) Registering class org.keycloak.broker.provider.mappersync.ConfigSyncEventListener
2023-02-15 10:31:18,882 INFO  [org.keycloak.quarkus.runtime.storage.legacy.liquibase.QuarkusJpaUpdaterProvider] (main) Initializing database schema. Using changelog META-INF/jpa-changelog-master.xml
2023-02-15 10:31:41,413 INFO  [org.keycloak.services] (main) KC-SERVICES0050: Initializing master realm
2023-02-15 10:32:20,361 INFO  [org.keycloak.services] (main) KC-SERVICES0004: Imported realm vcc from file /opt/keycloak/bin/../data/import/realm.json.
2023-02-15 10:32:23,275 INFO  [io.quarkus] (main) Keycloak 20.0.1 on JVM (powered by Quarkus 2.13.3.Final) started in 138.347s. Listening on: http://0.0.0.0:8080
2023-02-15 10:32:23,278 INFO  [io.quarkus] (main) Profile dev activated. 
2023-02-15 10:32:23,279 INFO  [io.quarkus] (main) Installed features: [agroal, cdi, hibernate-orm, jdbc-h2, jdbc-mariadb, jdbc-mssql, jdbc-mysql, jdbc-oracle, jdbc-postgresql, keycloak, logging-gelf, narayana-jta, reactive-routes, resteasy, resteasy-jackson, smallrye-context-propagation, smallrye-health, smallrye-metrics, vault, vertx]
2023-02-15 10:32:24,078 INFO  [org.keycloak.services] (main) KC-SERVICES0009: Added user 'admin' to realm 'master'
2023-02-15 10:32:24,105 WARN  [org.keycloak.quarkus.runtime.KeycloakMain] (main) Running the server in development mode. DO NOT use this configuration in production.
2023-02-15 11:13:15,513 INFO  [org.keycloak.quarkus.runtime.hostname.DefaultHostnameProvider] (main) Hostname settings: Base URL: <unset>, Hostname: auth.localdomain, Strict HTTPS: false, Path: <request>, Strict BackChannel: false, Admin URL: <unset>, Admin: <request>, Port: -1, Proxied: true
2023-02-15 11:13:36,970 WARN  [io.quarkus.netty.runtime.NettyRecorder] (Thread-1) Netty DefaultChannelId initialization (with io.netty.machineId system property set to 5f:a7:28:5a:20:f8:b4:3b) took more than a second
2023-02-15 11:13:40,711 WARN  [io.quarkus.agroal.runtime.DataSources] (main) Datasource <default> enables XA but transaction recovery is not enabled. Please enable transaction recovery by setting quarkus.transaction-manager.enable-recovery=true, otherwise data may be lost if the application is terminated abruptly
2023-02-15 11:13:52,979 WARN  [org.infinispan.PERSISTENCE] (keycloak-cache-init) ISPN000554: jboss-marshalling is deprecated and planned for removal
2023-02-15 11:13:54,876 WARN  [org.infinispan.CONFIG] (keycloak-cache-init) ISPN000569: Unable to persist Infinispan internal caches as no global state enabled
2023-02-15 11:13:55,349 INFO  [org.infinispan.CONTAINER] (keycloak-cache-init) ISPN000556: Starting user marshaller 'org.infinispan.jboss.marshalling.core.JBossUserMarshaller'
2023-02-15 11:13:58,478 INFO  [org.infinispan.CONTAINER] (keycloak-cache-init) ISPN000128: Infinispan version: Infinispan 'Triskaidekaphobia' 13.0.10.Final
2023-02-15 11:13:58,904 INFO  [org.keycloak.broker.provider.AbstractIdentityProviderMapper] (main) Registering class org.keycloak.broker.provider.mappersync.ConfigSyncEventListener
2023-02-15 11:14:02,016 INFO  [org.keycloak.connections.infinispan.DefaultInfinispanConnectionProviderFactory] (main) Node name: node_540827, Site name: null
2023-02-15 11:14:10,212 INFO  [org.keycloak.services] (main) KC-SERVICES0003: Not importing realm vcc from file /opt/keycloak/bin/../data/import/realm.json.  It already exists.
2023-02-15 11:14:10,467 INFO  [org.keycloak.services] (main) KC-SERVICES0003: Not importing realm vcc from file /opt/keycloak/bin/../data/import/realm.json.  It already exists.
2023-02-15 11:14:12,254 INFO  [io.quarkus] (main) Keycloak 20.0.1 on JVM (powered by Quarkus 2.13.3.Final) started in 78.423s. Listening on: http://0.0.0.0:8080
2023-02-15 11:14:12,261 INFO  [io.quarkus] (main) Profile dev activated. 
2023-02-15 11:14:12,263 INFO  [io.quarkus] (main) Installed features: [agroal, cdi, hibernate-orm, jdbc-h2, jdbc-mariadb, jdbc-mssql, jdbc-mysql, jdbc-oracle, jdbc-postgresql, keycloak, logging-gelf, narayana-jta, reactive-routes, resteasy, resteasy-jackson, smallrye-context-propagation, smallrye-health, smallrye-metrics, vault, vertx]
2023-02-15 11:14:12,550 ERROR [org.keycloak.services] (main) KC-SERVICES0010: Failed to add user 'admin' to realm 'master': user with username exists
2023-02-15 11:14:12,553 WARN  [org.keycloak.quarkus.runtime.KeycloakMain] (main) Running the server in development mode. DO NOT use this configuration in production.
2023-02-15 11:18:27,954 INFO  [org.keycloak.quarkus.runtime.hostname.DefaultHostnameProvider] (main) Hostname settings: Base URL: <unset>, Hostname: auth.localdomain, Strict HTTPS: false, Path: <request>, Strict BackChannel: false, Admin URL: <unset>, Admin: <request>, Port: -1, Proxied: true
2023-02-15 11:18:50,117 WARN  [io.quarkus.agroal.runtime.DataSources] (main) Datasource <default> enables XA but transaction recovery is not enabled. Please enable transaction recovery by setting quarkus.transaction-manager.enable-recovery=true, otherwise data may be lost if the application is terminated abruptly
2023-02-15 11:18:59,198 WARN  [org.infinispan.PERSISTENCE] (keycloak-cache-init) ISPN000554: jboss-marshalling is deprecated and planned for removal
2023-02-15 11:18:59,416 WARN  [org.infinispan.CONFIG] (keycloak-cache-init) ISPN000569: Unable to persist Infinispan internal caches as no global state enabled
2023-02-15 11:18:59,906 INFO  [org.infinispan.CONTAINER] (keycloak-cache-init) ISPN000556: Starting user marshaller 'org.infinispan.jboss.marshalling.core.JBossUserMarshaller'
2023-02-15 11:19:02,368 INFO  [org.keycloak.broker.provider.AbstractIdentityProviderMapper] (main) Registering class org.keycloak.broker.provider.mappersync.ConfigSyncEventListener
2023-02-15 11:19:03,546 INFO  [org.infinispan.CONTAINER] (keycloak-cache-init) ISPN000128: Infinispan version: Infinispan 'Triskaidekaphobia' 13.0.10.Final
2023-02-15 11:40:38,400 INFO  [org.keycloak.quarkus.runtime.hostname.DefaultHostnameProvider] (main) Hostname settings: Base URL: <unset>, Hostname: auth.localdomain, Strict HTTPS: false, Path: <request>, Strict BackChannel: false, Admin URL: <unset>, Admin: <request>, Port: -1, Proxied: true
2023-02-15 11:40:54,777 WARN  [io.quarkus.agroal.runtime.DataSources] (main) Datasource <default> enables XA but transaction recovery is not enabled. Please enable transaction recovery by setting quarkus.transaction-manager.enable-recovery=true, otherwise data may be lost if the application is terminated abruptly
2023-02-15 11:40:56,645 WARN  [io.agroal.pool] (agroal-11) Datasource '<default>': The connection attempt failed.
2023-02-15 11:40:56,674 WARN  [org.hibernate.engine.jdbc.env.internal.JdbcEnvironmentInitiator] (JPA Startup Thread: keycloak-default) HHH000342: Could not obtain connection to query metadata: org.postgresql.util.PSQLException: The connection attempt failed.
	at org.postgresql.core.v3.ConnectionFactoryImpl.openConnectionImpl(ConnectionFactoryImpl.java:331)
	at org.postgresql.core.ConnectionFactory.openConnection(ConnectionFactory.java:49)
	at org.postgresql.jdbc.PgConnection.<init>(PgConnection.java:247)
	at org.postgresql.Driver.makeConnection(Driver.java:434)
	at org.postgresql.Driver.connect(Driver.java:291)
	at java.sql/java.sql.DriverManager.getConnection(DriverManager.java:677)
	at java.sql/java.sql.DriverManager.getConnection(DriverManager.java:228)
	at org.postgresql.ds.common.BaseDataSource.getConnection(BaseDataSource.java:103)
	at org.postgresql.xa.PGXADataSource.getXAConnection(PGXADataSource.java:49)
	at org.postgresql.xa.PGXADataSource.getXAConnection(PGXADataSource.java:35)
	at io.agroal.pool.ConnectionFactory.createConnection(ConnectionFactory.java:232)
	at io.agroal.pool.ConnectionPool$CreateConnectionTask.call(ConnectionPool.java:535)
	at io.agroal.pool.ConnectionPool$CreateConnectionTask.call(ConnectionPool.java:516)
	at java.base/java.util.concurrent.FutureTask.run(FutureTask.java:264)
	at io.agroal.pool.util.PriorityScheduledExecutor.beforeExecute(PriorityScheduledExecutor.java:75)
	at java.base/java.util.concurrent.ThreadPoolExecutor.runWorker(ThreadPoolExecutor.java:1126)
	at java.base/java.util.concurrent.ThreadPoolExecutor$Worker.run(ThreadPoolExecutor.java:628)
	at java.base/java.lang.Thread.run(Thread.java:829)
Caused by: java.net.UnknownHostException: postgres
	at java.base/java.net.AbstractPlainSocketImpl.connect(AbstractPlainSocketImpl.java:229)
	at java.base/java.net.SocksSocketImpl.connect(SocksSocketImpl.java:392)
	at java.base/java.net.Socket.connect(Socket.java:609)
	at org.postgresql.core.PGStream.createSocket(PGStream.java:241)
	at org.postgresql.core.PGStream.<init>(PGStream.java:98)
	at org.postgresql.core.v3.ConnectionFactoryImpl.tryConnect(ConnectionFactoryImpl.java:109)
	at org.postgresql.core.v3.ConnectionFactoryImpl.openConnectionImpl(ConnectionFactoryImpl.java:235)
	... 17 more

2023-02-15 11:50:45,541 INFO  [org.keycloak.quarkus.runtime.hostname.DefaultHostnameProvider] (main) Hostname settings: Base URL: <unset>, Hostname: auth.localdomain, Strict HTTPS: false, Path: <request>, Strict BackChannel: false, Admin URL: <unset>, Admin: <request>, Port: -1, Proxied: true
2023-02-15 11:51:05,774 WARN  [io.quarkus.netty.runtime.NettyRecorder] (Thread-1) Netty DefaultChannelId initialization (with io.netty.machineId system property set to fa:f6:59:f9:4a:ea:d5:3b) took more than a second
2023-02-15 11:51:07,375 WARN  [io.quarkus.agroal.runtime.DataSources] (main) Datasource <default> enables XA but transaction recovery is not enabled. Please enable transaction recovery by setting quarkus.transaction-manager.enable-recovery=true, otherwise data may be lost if the application is terminated abruptly
2023-02-15 11:51:21,557 WARN  [org.infinispan.PERSISTENCE] (keycloak-cache-init) ISPN000554: jboss-marshalling is deprecated and planned for removal
2023-02-15 11:51:22,364 WARN  [org.infinispan.CONFIG] (keycloak-cache-init) ISPN000569: Unable to persist Infinispan internal caches as no global state enabled
2023-02-15 11:51:22,860 INFO  [org.infinispan.CONTAINER] (keycloak-cache-init) ISPN000556: Starting user marshaller 'org.infinispan.jboss.marshalling.core.JBossUserMarshaller'
2023-02-15 11:51:27,579 INFO  [org.infinispan.CONTAINER] (keycloak-cache-init) ISPN000128: Infinispan version: Infinispan 'Triskaidekaphobia' 13.0.10.Final
2023-02-15 11:51:35,780 INFO  [org.keycloak.connections.infinispan.DefaultInfinispanConnectionProviderFactory] (main) Node name: node_804989, Site name: null
2023-02-15 11:51:35,826 INFO  [org.keycloak.broker.provider.AbstractIdentityProviderMapper] (main) Registering class org.keycloak.broker.provider.mappersync.ConfigSyncEventListener
2023-02-15 11:51:48,467 INFO  [org.keycloak.services] (main) KC-SERVICES0003: Not importing realm vcc from file /opt/keycloak/bin/../data/import/realm.json.  It already exists.
2023-02-15 11:51:48,700 INFO  [org.keycloak.services] (main) KC-SERVICES0003: Not importing realm vcc from file /opt/keycloak/bin/../data/import/realm.json.  It already exists.
2023-02-15 11:51:50,006 INFO  [io.quarkus] (main) Keycloak 20.0.1 on JVM (powered by Quarkus 2.13.3.Final) started in 88.313s. Listening on: http://0.0.0.0:8080
2023-02-15 11:51:50,048 INFO  [io.quarkus] (main) Profile dev activated. 
2023-02-15 11:51:50,056 INFO  [io.quarkus] (main) Installed features: [agroal, cdi, hibernate-orm, jdbc-h2, jdbc-mariadb, jdbc-mssql, jdbc-mysql, jdbc-oracle, jdbc-postgresql, keycloak, logging-gelf, narayana-jta, reactive-routes, resteasy, resteasy-jackson, smallrye-context-propagation, smallrye-health, smallrye-metrics, vault, vertx]
2023-02-15 11:51:50,839 ERROR [org.keycloak.services] (main) KC-SERVICES0010: Failed to add user 'admin' to realm 'master': user with username exists
2023-02-15 11:51:50,850 WARN  [org.keycloak.quarkus.runtime.KeycloakMain] (main) Running the server in development mode. DO NOT use this configuration in production.
