time="2023-01-28T16:22:29Z" level=info msg="Traefik version 2.9.6 built on 2022-12-07T14:17:58Z"
time="2023-01-28T16:22:29Z" level=debug msg="Static configuration loaded {\"global\":{\"checkNewVersion\":true},\"serversTransport\":{\"maxIdleConnsPerHost\":200},\"entryPoints\":{\"traefik\":{\"address\":\":8080\",\"transport\":{\"lifeCycle\":{\"graceTimeOut\":\"10s\"},\"respondingTimeouts\":{\"idleTimeout\":\"3m0s\"}},\"forwardedHeaders\":{},\"http\":{},\"http2\":{\"maxConcurrentStreams\":250},\"udp\":{\"timeout\":\"3s\"}},\"web\":{\"address\":\":80\",\"transport\":{\"lifeCycle\":{\"graceTimeOut\":\"10s\"},\"respondingTimeouts\":{\"idleTimeout\":\"3m0s\"}},\"forwardedHeaders\":{},\"http\":{},\"http2\":{\"maxConcurrentStreams\":250},\"udp\":{\"timeout\":\"3s\"}}},\"providers\":{\"providersThrottleDuration\":\"2s\",\"docker\":{\"watch\":true,\"endpoint\":\"unix:///var/run/docker.sock\",\"defaultRule\":\"Host(`{{ normalize .Name }}`)\",\"swarmMode\":true,\"network\":\"VCC_stack_default\",\"swarmModeRefreshSeconds\":\"15s\"}},\"api\":{\"insecure\":true,\"dashboard\":true},\"log\":{\"level\":\"DEBUG\",\"filePath\":\"/logs/traefik.log\",\"format\":\"common\"},\"accessLog\":{\"filePath\":\"/logs/access.log\",\"format\":\"common\",\"filters\":{},\"fields\":{\"defaultMode\":\"keep\",\"headers\":{\"defaultMode\":\"drop\"}}}}"
time="2023-01-28T16:22:29Z" level=info msg="\nStats collection is disabled.\nHelp us improve Traefik by turning this feature on :)\nMore details on: https://doc.traefik.io/traefik/contributing/data-collection/\n"
time="2023-01-28T16:22:29Z" level=info msg="Starting provider aggregator aggregator.ProviderAggregator"
time="2023-01-28T16:22:29Z" level=debug msg="Starting TCP Server" entryPointName=web
time="2023-01-28T16:22:29Z" level=debug msg="Starting TCP Server" entryPointName=traefik
time="2023-01-28T16:22:29Z" level=info msg="Starting provider *traefik.Provider"
time="2023-01-28T16:22:29Z" level=debug msg="*traefik.Provider provider configuration: {}"
time="2023-01-28T16:22:29Z" level=info msg="Starting provider *acme.ChallengeTLSALPN"
time="2023-01-28T16:22:29Z" level=debug msg="*acme.ChallengeTLSALPN provider configuration: {}"
time="2023-01-28T16:22:29Z" level=info msg="Starting provider *docker.Provider"
time="2023-01-28T16:22:29Z" level=debug msg="*docker.Provider provider configuration: {\"watch\":true,\"endpoint\":\"unix:///var/run/docker.sock\",\"defaultRule\":\"Host(`{{ normalize .Name }}`)\",\"swarmMode\":true,\"network\":\"VCC_stack_default\",\"swarmModeRefreshSeconds\":\"15s\"}"
time="2023-01-28T16:22:29Z" level=debug msg="Configuration received: {\"http\":{\"routers\":{\"api\":{\"entryPoints\":[\"traefik\"],\"service\":\"api@internal\",\"rule\":\"PathPrefix(`/api`)\",\"priority\":2147483646},\"dashboard\":{\"entryPoints\":[\"traefik\"],\"middlewares\":[\"dashboard_redirect@internal\",\"dashboard_stripprefix@internal\"],\"service\":\"dashboard@internal\",\"rule\":\"PathPrefix(`/`)\",\"priority\":2147483645}},\"services\":{\"api\":{},\"dashboard\":{},\"noop\":{}},\"middlewares\":{\"dashboard_redirect\":{\"redirectRegex\":{\"regex\":\"^(http:\\\\/\\\\/(\\\\[[\\\\w:.]+\\\\]|[\\\\w\\\\._-]+)(:\\\\d+)?)\\\\/$\",\"replacement\":\"${1}/dashboard/\",\"permanent\":true}},\"dashboard_stripprefix\":{\"stripPrefix\":{\"prefixes\":[\"/dashboard/\",\"/dashboard\"]}}},\"serversTransports\":{\"default\":{\"maxIdleConnsPerHost\":200}}},\"tcp\":{},\"udp\":{},\"tls\":{}}" providerName=internal
time="2023-01-28T16:22:29Z" level=debug msg="Provider connection established with docker 20.10.12 (API 1.41)" providerName=docker
time="2023-01-28T16:22:29Z" level=debug msg="Filtering disabled container" providerName=docker container=VCC-stack-integrator-wa5us9ne7d2a28q42z6gna2bd
time="2023-01-28T16:22:29Z" level=debug msg="Filtering disabled container" providerName=docker container=registry-r0i44bu04v7e35oms9x0k5nn0
time="2023-01-28T16:22:29Z" level=debug msg="Configuration received: {\"http\":{},\"tcp\":{},\"udp\":{}}" providerName=docker
time="2023-01-28T16:22:29Z" level=debug msg="No default certificate, fallback to the internal generated certificate" tlsStoreName=default
time="2023-01-28T16:22:29Z" level=debug msg="Added outgoing tracing middleware api@internal" routerName=api@internal middlewareName=tracing middlewareType=TracingForwarder entryPointName=traefik
time="2023-01-28T16:22:29Z" level=debug msg="Added outgoing tracing middleware dashboard@internal" middlewareName=tracing middlewareType=TracingForwarder entryPointName=traefik routerName=dashboard@internal
time="2023-01-28T16:22:29Z" level=debug msg="Creating middleware" entryPointName=traefik routerName=dashboard@internal middlewareName=dashboard_stripprefix@internal middlewareType=StripPrefix
time="2023-01-28T16:22:29Z" level=debug msg="Adding tracing to middleware" routerName=dashboard@internal middlewareName=dashboard_stripprefix@internal entryPointName=traefik
time="2023-01-28T16:22:29Z" level=debug msg="Creating middleware" entryPointName=traefik routerName=dashboard@internal middlewareName=dashboard_redirect@internal middlewareType=RedirectRegex
time="2023-01-28T16:22:29Z" level=debug msg="Setting up redirection from ^(http:\\/\\/(\\[[\\w:.]+\\]|[\\w\\._-]+)(:\\d+)?)\\/$ to ${1}/dashboard/" middlewareName=dashboard_redirect@internal middlewareType=RedirectRegex entryPointName=traefik routerName=dashboard@internal
time="2023-01-28T16:22:29Z" level=debug msg="Adding tracing to middleware" entryPointName=traefik routerName=dashboard@internal middlewareName=dashboard_redirect@internal
time="2023-01-28T16:22:29Z" level=debug msg="Creating middleware" middlewareType=Recovery entryPointName=traefik middlewareName=traefik-internal-recovery
time="2023-01-28T16:22:30Z" level=debug msg="No default certificate, fallback to the internal generated certificate" tlsStoreName=default
time="2023-01-28T16:22:30Z" level=debug msg="Added outgoing tracing middleware dashboard@internal" routerName=dashboard@internal middlewareName=tracing middlewareType=TracingForwarder entryPointName=traefik
time="2023-01-28T16:22:30Z" level=debug msg="Creating middleware" entryPointName=traefik routerName=dashboard@internal middlewareName=dashboard_stripprefix@internal middlewareType=StripPrefix
time="2023-01-28T16:22:30Z" level=debug msg="Adding tracing to middleware" middlewareName=dashboard_stripprefix@internal entryPointName=traefik routerName=dashboard@internal
time="2023-01-28T16:22:30Z" level=debug msg="Creating middleware" middlewareType=RedirectRegex routerName=dashboard@internal entryPointName=traefik middlewareName=dashboard_redirect@internal
time="2023-01-28T16:22:30Z" level=debug msg="Setting up redirection from ^(http:\\/\\/(\\[[\\w:.]+\\]|[\\w\\._-]+)(:\\d+)?)\\/$ to ${1}/dashboard/" middlewareName=dashboard_redirect@internal middlewareType=RedirectRegex routerName=dashboard@internal entryPointName=traefik
time="2023-01-28T16:22:30Z" level=debug msg="Adding tracing to middleware" routerName=dashboard@internal entryPointName=traefik middlewareName=dashboard_redirect@internal
time="2023-01-28T16:22:30Z" level=debug msg="Added outgoing tracing middleware api@internal" entryPointName=traefik routerName=api@internal middlewareType=TracingForwarder middlewareName=tracing
time="2023-01-28T16:22:30Z" level=debug msg="Creating middleware" entryPointName=traefik middlewareName=traefik-internal-recovery middlewareType=Recovery
time="2023-01-28T16:22:44Z" level=debug msg="Filtering disabled container" providerName=docker container=VCC-stack-integrator-wa5us9ne7d2a28q42z6gna2bd
time="2023-01-28T16:22:44Z" level=debug msg="Filtering disabled container" providerName=docker container=VCC-stack-traefik-02i4ex2jqxaoriog9cluk2bmf
time="2023-01-28T16:22:44Z" level=debug msg="Filtering disabled container" providerName=docker container=registry-r0i44bu04v7e35oms9x0k5nn0
time="2023-01-28T16:22:44Z" level=debug msg="Configuration received: {\"http\":{},\"tcp\":{},\"udp\":{}}" providerName=docker
time="2023-01-28T16:22:44Z" level=debug msg="Skipping unchanged configuration." providerName=docker
time="2023-01-28T16:22:59Z" level=debug msg="Filtering disabled container" providerName=docker container=VCC-stack-integrator-wa5us9ne7d2a28q42z6gna2bd
time="2023-01-28T16:22:59Z" level=debug msg="Filtering disabled container" providerName=docker container=VCC-stack-traefik-02i4ex2jqxaoriog9cluk2bmf
time="2023-01-28T16:22:59Z" level=debug msg="Filtering disabled container" providerName=docker container=registry-r0i44bu04v7e35oms9x0k5nn0
time="2023-01-28T16:22:59Z" level=debug msg="Configuration received: {\"http\":{},\"tcp\":{},\"udp\":{}}" providerName=docker
time="2023-01-28T16:22:59Z" level=debug msg="Skipping unchanged configuration." providerName=docker
time="2023-01-28T16:23:15Z" level=debug msg="Filtering disabled container" providerName=docker container=VCC-stack-integrator-wa5us9ne7d2a28q42z6gna2bd
time="2023-01-28T16:23:15Z" level=debug msg="Filtering disabled container" container=VCC-stack-traefik-02i4ex2jqxaoriog9cluk2bmf providerName=docker
time="2023-01-28T16:23:15Z" level=debug msg="Filtering disabled container" providerName=docker container=registry-r0i44bu04v7e35oms9x0k5nn0
time="2023-01-28T16:23:15Z" level=debug msg="Configuration received: {\"http\":{},\"tcp\":{},\"udp\":{}}" providerName=docker
time="2023-01-28T16:23:15Z" level=debug msg="Skipping unchanged configuration." providerName=docker
time="2023-01-28T16:23:29Z" level=debug msg="Filtering disabled container" container=VCC-stack-integrator-wa5us9ne7d2a28q42z6gna2bd providerName=docker
time="2023-01-28T16:23:29Z" level=debug msg="Filtering disabled container" providerName=docker container=VCC-stack-traefik-02i4ex2jqxaoriog9cluk2bmf
time="2023-01-28T16:23:29Z" level=debug msg="Filtering disabled container" container=registry-r0i44bu04v7e35oms9x0k5nn0 providerName=docker
time="2023-01-28T16:23:29Z" level=debug msg="Configuration received: {\"http\":{},\"tcp\":{},\"udp\":{}}" providerName=docker
time="2023-01-28T16:23:29Z" level=debug msg="Skipping unchanged configuration." providerName=docker
time="2023-01-28T16:23:44Z" level=debug msg="Filtering disabled container" providerName=docker container=VCC-stack-integrator-wa5us9ne7d2a28q42z6gna2bd
time="2023-01-28T16:23:44Z" level=debug msg="Filtering disabled container" providerName=docker container=VCC-stack-traefik-02i4ex2jqxaoriog9cluk2bmf
time="2023-01-28T16:23:44Z" level=debug msg="Filtering disabled container" container=registry-r0i44bu04v7e35oms9x0k5nn0 providerName=docker
time="2023-01-28T16:23:44Z" level=debug msg="Configuration received: {\"http\":{},\"tcp\":{},\"udp\":{}}" providerName=docker
time="2023-01-28T16:23:44Z" level=debug msg="Skipping unchanged configuration." providerName=docker
time="2023-01-28T16:23:59Z" level=debug msg="Filtering disabled container" providerName=docker container=VCC-stack-integrator-wa5us9ne7d2a28q42z6gna2bd
time="2023-01-28T16:23:59Z" level=debug msg="Filtering disabled container" container=VCC-stack-traefik-02i4ex2jqxaoriog9cluk2bmf providerName=docker
time="2023-01-28T16:23:59Z" level=debug msg="Filtering disabled container" providerName=docker container=registry-r0i44bu04v7e35oms9x0k5nn0
time="2023-01-28T16:23:59Z" level=debug msg="Configuration received: {\"http\":{},\"tcp\":{},\"udp\":{}}" providerName=docker
time="2023-01-28T16:23:59Z" level=debug msg="Skipping unchanged configuration." providerName=docker
time="2023-01-28T16:24:14Z" level=debug msg="Filtering disabled container" providerName=docker container=VCC-stack-integrator-wa5us9ne7d2a28q42z6gna2bd
time="2023-01-28T16:24:14Z" level=debug msg="Filtering disabled container" providerName=docker container=VCC-stack-traefik-02i4ex2jqxaoriog9cluk2bmf
time="2023-01-28T16:24:14Z" level=debug msg="Filtering disabled container" providerName=docker container=registry-r0i44bu04v7e35oms9x0k5nn0
time="2023-01-28T16:24:14Z" level=debug msg="Configuration received: {\"http\":{},\"tcp\":{},\"udp\":{}}" providerName=docker
time="2023-01-28T16:24:14Z" level=debug msg="Skipping unchanged configuration." providerName=docker
time="2023-01-28T16:24:29Z" level=debug msg="Filtering disabled container" container=VCC-stack-integrator-wa5us9ne7d2a28q42z6gna2bd providerName=docker
time="2023-01-28T16:24:29Z" level=debug msg="Filtering disabled container" providerName=docker container=VCC-stack-traefik-02i4ex2jqxaoriog9cluk2bmf
time="2023-01-28T16:24:29Z" level=debug msg="Filtering disabled container" providerName=docker container=registry-r0i44bu04v7e35oms9x0k5nn0
time="2023-01-28T16:24:29Z" level=debug msg="Configuration received: {\"http\":{},\"tcp\":{},\"udp\":{}}" providerName=docker
time="2023-01-28T16:24:29Z" level=debug msg="Skipping unchanged configuration." providerName=docker
time="2023-01-28T16:24:44Z" level=debug msg="Filtering disabled container" providerName=docker container=VCC-stack-integrator-wa5us9ne7d2a28q42z6gna2bd
time="2023-01-28T16:24:44Z" level=debug msg="Filtering disabled container" providerName=docker container=VCC-stack-traefik-02i4ex2jqxaoriog9cluk2bmf
time="2023-01-28T16:24:44Z" level=debug msg="Filtering disabled container" providerName=docker container=registry-r0i44bu04v7e35oms9x0k5nn0
time="2023-01-28T16:24:44Z" level=debug msg="Configuration received: {\"http\":{},\"tcp\":{},\"udp\":{}}" providerName=docker
time="2023-01-28T16:24:44Z" level=debug msg="Skipping unchanged configuration." providerName=docker
time="2023-01-28T16:24:59Z" level=debug msg="Filtering disabled container" container=VCC-stack-integrator-wa5us9ne7d2a28q42z6gna2bd providerName=docker
time="2023-01-28T16:24:59Z" level=debug msg="Filtering disabled container" container=VCC-stack-traefik-02i4ex2jqxaoriog9cluk2bmf providerName=docker
time="2023-01-28T16:24:59Z" level=debug msg="Filtering disabled container" container=registry-r0i44bu04v7e35oms9x0k5nn0 providerName=docker
time="2023-01-28T16:24:59Z" level=debug msg="Configuration received: {\"http\":{},\"tcp\":{},\"udp\":{}}" providerName=docker
time="2023-01-28T16:24:59Z" level=debug msg="Skipping unchanged configuration." providerName=docker
time="2023-01-28T16:25:14Z" level=debug msg="Filtering disabled container" providerName=docker container=VCC-stack-integrator-wa5us9ne7d2a28q42z6gna2bd
time="2023-01-28T16:25:14Z" level=debug msg="Filtering disabled container" providerName=docker container=VCC-stack-traefik-02i4ex2jqxaoriog9cluk2bmf
time="2023-01-28T16:25:14Z" level=debug msg="Filtering disabled container" providerName=docker container=registry-r0i44bu04v7e35oms9x0k5nn0
time="2023-01-28T16:25:14Z" level=debug msg="Configuration received: {\"http\":{},\"tcp\":{},\"udp\":{}}" providerName=docker
time="2023-01-28T16:25:14Z" level=debug msg="Skipping unchanged configuration." providerName=docker
time="2023-01-28T16:25:29Z" level=debug msg="Filtering disabled container" providerName=docker container=VCC-stack-integrator-wa5us9ne7d2a28q42z6gna2bd
time="2023-01-28T16:25:29Z" level=debug msg="Filtering disabled container" providerName=docker container=VCC-stack-traefik-02i4ex2jqxaoriog9cluk2bmf
time="2023-01-28T16:25:29Z" level=debug msg="Filtering disabled container" providerName=docker container=registry-r0i44bu04v7e35oms9x0k5nn0
time="2023-01-28T16:25:29Z" level=debug msg="Configuration received: {\"http\":{},\"tcp\":{},\"udp\":{}}" providerName=docker
time="2023-01-28T16:25:29Z" level=debug msg="Skipping unchanged configuration." providerName=docker
time="2023-01-28T16:25:44Z" level=debug msg="Filtering disabled container" providerName=docker container=VCC-stack-integrator-wa5us9ne7d2a28q42z6gna2bd
time="2023-01-28T16:25:44Z" level=debug msg="Filtering disabled container" providerName=docker container=VCC-stack-traefik-02i4ex2jqxaoriog9cluk2bmf
time="2023-01-28T16:25:44Z" level=debug msg="Filtering disabled container" providerName=docker container=registry-r0i44bu04v7e35oms9x0k5nn0
time="2023-01-28T16:25:44Z" level=debug msg="Configuration received: {\"http\":{},\"tcp\":{},\"udp\":{}}" providerName=docker
time="2023-01-28T16:25:44Z" level=debug msg="Skipping unchanged configuration." providerName=docker
time="2023-01-28T16:25:59Z" level=debug msg="Filtering disabled container" providerName=docker container=VCC-stack-integrator-wa5us9ne7d2a28q42z6gna2bd
time="2023-01-28T16:25:59Z" level=debug msg="Filtering disabled container" providerName=docker container=VCC-stack-traefik-02i4ex2jqxaoriog9cluk2bmf
time="2023-01-28T16:25:59Z" level=debug msg="Filtering disabled container" providerName=docker container=registry-r0i44bu04v7e35oms9x0k5nn0
time="2023-01-28T16:25:59Z" level=debug msg="Configuration received: {\"http\":{},\"tcp\":{},\"udp\":{}}" providerName=docker
time="2023-01-28T16:25:59Z" level=debug msg="Skipping unchanged configuration." providerName=docker
time="2023-01-28T16:26:14Z" level=debug msg="Filtering disabled container" providerName=docker container=VCC-stack-integrator-wa5us9ne7d2a28q42z6gna2bd
time="2023-01-28T16:26:14Z" level=debug msg="Filtering disabled container" providerName=docker container=VCC-stack-traefik-02i4ex2jqxaoriog9cluk2bmf
time="2023-01-28T16:26:14Z" level=debug msg="Filtering disabled container" providerName=docker container=registry-r0i44bu04v7e35oms9x0k5nn0
time="2023-01-28T16:26:14Z" level=debug msg="Configuration received: {\"http\":{},\"tcp\":{},\"udp\":{}}" providerName=docker
time="2023-01-28T16:26:14Z" level=debug msg="Skipping unchanged configuration." providerName=docker
time="2023-01-28T16:26:29Z" level=debug msg="Filtering disabled container" providerName=docker container=VCC-stack-postgres-q7stag3r4kvp00pb9n6fvpwjx
time="2023-01-28T16:26:29Z" level=debug msg="Filtering disabled container" providerName=docker container=VCC-stack-integrator-wa5us9ne7d2a28q42z6gna2bd
time="2023-01-28T16:26:29Z" level=debug msg="Filtering disabled container" providerName=docker container=VCC-stack-traefik-02i4ex2jqxaoriog9cluk2bmf
time="2023-01-28T16:26:29Z" level=debug msg="Filtering disabled container" providerName=docker container=registry-r0i44bu04v7e35oms9x0k5nn0
time="2023-01-28T16:26:29Z" level=debug msg="Configuration received: {\"http\":{},\"tcp\":{},\"udp\":{}}" providerName=docker
time="2023-01-28T16:26:29Z" level=debug msg="Skipping unchanged configuration." providerName=docker
time="2023-01-28T16:26:44Z" level=debug msg="Filtering disabled container" providerName=docker container=VCC-stack-postgres-q7stag3r4kvp00pb9n6fvpwjx
time="2023-01-28T16:26:44Z" level=debug msg="Filtering disabled container" providerName=docker container=VCC-stack-integrator-wa5us9ne7d2a28q42z6gna2bd
time="2023-01-28T16:26:44Z" level=debug msg="Filtering disabled container" container=VCC-stack-traefik-02i4ex2jqxaoriog9cluk2bmf providerName=docker
time="2023-01-28T16:26:44Z" level=debug msg="Filtering disabled container" providerName=docker container=registry-r0i44bu04v7e35oms9x0k5nn0
time="2023-01-28T16:26:44Z" level=debug msg="Configuration received: {\"http\":{},\"tcp\":{},\"udp\":{}}" providerName=docker
time="2023-01-28T16:26:44Z" level=debug msg="Skipping unchanged configuration." providerName=docker
time="2023-01-28T16:26:59Z" level=debug msg="Filtering disabled container" providerName=docker container=VCC-stack-postgres-q7stag3r4kvp00pb9n6fvpwjx
time="2023-01-28T16:26:59Z" level=debug msg="Filtering disabled container" container=VCC-stack-integrator-wa5us9ne7d2a28q42z6gna2bd providerName=docker
time="2023-01-28T16:26:59Z" level=debug msg="Filtering disabled container" providerName=docker container=VCC-stack-traefik-02i4ex2jqxaoriog9cluk2bmf
time="2023-01-28T16:26:59Z" level=debug msg="Filtering disabled container" providerName=docker container=registry-r0i44bu04v7e35oms9x0k5nn0
time="2023-01-28T16:26:59Z" level=debug msg="Configuration received: {\"http\":{},\"tcp\":{},\"udp\":{}}" providerName=docker
time="2023-01-28T16:26:59Z" level=debug msg="Skipping unchanged configuration." providerName=docker
time="2023-01-28T16:27:14Z" level=debug msg="Filtering disabled container" providerName=docker container=VCC-stack-postgres-q7stag3r4kvp00pb9n6fvpwjx
time="2023-01-28T16:27:14Z" level=debug msg="Filtering disabled container" providerName=docker container=VCC-stack-integrator-wa5us9ne7d2a28q42z6gna2bd
time="2023-01-28T16:27:14Z" level=debug msg="Filtering disabled container" container=VCC-stack-traefik-02i4ex2jqxaoriog9cluk2bmf providerName=docker
time="2023-01-28T16:27:14Z" level=debug msg="Filtering disabled container" container=registry-r0i44bu04v7e35oms9x0k5nn0 providerName=docker
time="2023-01-28T16:27:14Z" level=debug msg="Configuration received: {\"http\":{},\"tcp\":{},\"udp\":{}}" providerName=docker
time="2023-01-28T16:27:14Z" level=debug msg="Skipping unchanged configuration." providerName=docker
